<?xml version="1.0" encoding="UTF-8"?>
<testsuite xmlns:xsi="http://www.w3.org/2001/XMLSchema-instance" xsi:noNamespaceSchemaLocation="https://maven.apache.org/surefire/maven-surefire-plugin/xsd/surefire-test-report-3.0.xsd" version="3.0" name="ftp.poll.mockftp.MockFTPServerTest" time="0.093" tests="1" errors="0" skipped="0" failures="0">
  <properties>
[...]
</properties>
  <testcase name="test" classname="ftp.poll.mockftp.MockFTPServerTest" time="0.086">
    <system-out><![CDATA[adding C:/data
]]></system-out>
    <system-err><![CDATA[log4j:WARN No appenders could be found for logger (org.mockftpserver.fake.FakeFtpServer).
log4j:WARN Please initialize the log4j system properly.
log4j:WARN See http://logging.apache.org/log4j/1.2/faq.html#noconfig for more info.
]]></system-err>
  </testcase>
</testsuite>